IP: 192.168.24.13 Nombre: slx01
IP: 192.168.24.12 Nombre: slx02
IP: 192.168.1.175 Nombre: slx03
IP: 666.666.666 Nombre: slx666

***************************** EQUIPOS REGISTRADOS PARA LECTURAS ....

INICIO GUARDADO DE DATOS ... slx01
INSERT A TABLA 'tb_colection', realizado con exito !!!

INICIO GUARDADO DE DATOS ... slx02
INSERT A TABLA 'tb_colection', realizado con exito !!!

INICIO GUARDADO DE DATOS ... slx03
INSERT A TABLA 'tb_colection', realizado con exito !!!

INICIO GUARDADO DE DATOS ... slx666
INSERT A TABLA 'tb_colection', realizado con exito !!!
IP: 192.168.24.13 Nombre: slx01
IP: 192.168.24.12 Nombre: slx02
IP: 192.168.1.175 Nombre: slx03
IP: 666.666.666 Nombre: slx666

***************************** EQUIPOS REGISTRADOS PARA LECTURAS ....

INICIO GUARDADO DE DATOS ... slx01
INSERT A TABLA 'tb_colection', realizado con exito !!!

INICIO GUARDADO DE DATOS ... slx02
INSERT A TABLA 'tb_colection', realizado con exito !!!

INICIO GUARDADO DE DATOS ... slx03
INSERT A TABLA 'tb_colection', realizado con exito !!!

INICIO GUARDADO DE DATOS ... slx666
INSERT A TABLA 'tb_colection', realizado con exito !!!
IP: 192.168.24.13 Nombre: slx01
IP: 192.168.24.12 Nombre: slx02
IP: 192.168.1.175 Nombre: slx03
IP: 666.666.666 Nombre: slx666

***************************** EQUIPOS REGISTRADOS PARA LECTURAS ....

INICIO GUARDADO DE DATOS ... slx01
INSERT A TABLA 'tb_colection', realizado con exito !!!

INICIO GUARDADO DE DATOS ... slx02
INSERT A TABLA 'tb_colection', realizado con exito !!!

INICIO GUARDADO DE DATOS ... slx03
INSERT A TABLA 'tb_colection', realizado con exito !!!

INICIO GUARDADO DE DATOS ... slx666
INSERT A TABLA 'tb_colection', realizado con exito !!!
IP: 192.168.24.13 Nombre: slx01
IP: 192.168.24.12 Nombre: slx02
IP: 192.168.1.175 Nombre: slx03
IP: 666.666.666 Nombre: slx666

***************************** EQUIPOS REGISTRADOS PARA LECTURAS ....

INICIO GUARDADO DE DATOS ... slx01
INSERT A TABLA 'tb_colection', realizado con exito !!!

INICIO GUARDADO DE DATOS ... slx02
INSERT A TABLA 'tb_colection', realizado con exito !!!

INICIO GUARDADO DE DATOS ... slx03
INSERT A TABLA 'tb_colection', realizado con exito !!!

INICIO GUARDADO DE DATOS ... slx666
INSERT A TABLA 'tb_colection', realizado con exito !!!
IP: 192.168.24.13 Nombre: slx01
IP: 192.168.24.12 Nombre: slx02
IP: 192.168.1.175 Nombre: slx03
IP: 666.666.666 Nombre: slx666

***************************** EQUIPOS REGISTRADOS PARA LECTURAS ....

INICIO GUARDADO DE DATOS ... slx01
INSERT A TABLA 'tb_colection', realizado con exito !!!

INICIO GUARDADO DE DATOS ... slx02
INSERT A TABLA 'tb_colection', realizado con exito !!!

INICIO GUARDADO DE DATOS ... slx03
INSERT A TABLA 'tb_colection', realizado con exito !!!

INICIO GUARDADO DE DATOS ... slx666
INSERT A TABLA 'tb_colection', realizado con exito !!!
IP: 192.168.24.13 Nombre: slx01
IP: 192.168.24.12 Nombre: slx02
IP: 192.168.1.175 Nombre: slx03
IP: 666.666.666 Nombre: slx666

***************************** EQUIPOS REGISTRADOS PARA LECTURAS ....

INICIO GUARDADO DE DATOS ... slx01
INSERT A TABLA 'tb_colection', realizado con exito !!!

INICIO GUARDADO DE DATOS ... slx02
INSERT A TABLA 'tb_colection', realizado con exito !!!

INICIO GUARDADO DE DATOS ... slx03
INSERT A TABLA 'tb_colection', realizado con exito !!!

INICIO GUARDADO DE DATOS ... slx666
INSERT A TABLA 'tb_colection', realizado con exito !!!
IP: 192.168.24.13 Nombre: slx01
IP: 192.168.24.12 Nombre: slx02
IP: 192.168.1.175 Nombre: slx03
IP: 666.666.666 Nombre: slx666

***************************** EQUIPOS REGISTRADOS PARA LECTURAS ....

INICIO GUARDADO DE DATOS ... slx01
INSERT A TABLA 'tb_colection', realizado con exito !!!

INICIO GUARDADO DE DATOS ... slx02
INSERT A TABLA 'tb_colection', realizado con exito !!!

INICIO GUARDADO DE DATOS ... slx03
INSERT A TABLA 'tb_colection', realizado con exito !!!

INICIO GUARDADO DE DATOS ... slx666
INSERT A TABLA 'tb_colection', realizado con exito !!!
IP: 192.168.24.13 Nombre: slx01
IP: 192.168.24.12 Nombre: slx02
IP: 192.168.1.175 Nombre: slx03
IP: 666.666.666 Nombre: slx666

***************************** EQUIPOS REGISTRADOS PARA LECTURAS ....

INICIO GUARDADO DE DATOS ... slx01
INSERT A TABLA 'tb_colection', realizado con exito !!!

INICIO GUARDADO DE DATOS ... slx02
INSERT A TABLA 'tb_colection', realizado con exito !!!

INICIO GUARDADO DE DATOS ... slx03
INSERT A TABLA 'tb_colection', realizado con exito !!!

INICIO GUARDADO DE DATOS ... slx666
INSERT A TABLA 'tb_colection', realizado con exito !!!
IP: 192.168.24.13 Nombre: slx01
IP: 192.168.24.12 Nombre: slx02
IP: 192.168.1.175 Nombre: slx03
IP: 666.666.666 Nombre: slx666

***************************** EQUIPOS REGISTRADOS PARA LECTURAS ....

INICIO GUARDADO DE DATOS ... slx01
INSERT A TABLA 'tb_colection', realizado con exito !!!

INICIO GUARDADO DE DATOS ... slx02
INSERT A TABLA 'tb_colection', realizado con exito !!!

INICIO GUARDADO DE DATOS ... slx03
INSERT A TABLA 'tb_colection', realizado con exito !!!

INICIO GUARDADO DE DATOS ... slx666
INSERT A TABLA 'tb_colection', realizado con exito !!!
IP: 192.168.24.13 Nombre: slx01
IP: 192.168.24.12 Nombre: slx02
IP: 192.168.1.175 Nombre: slx03
IP: 666.666.666 Nombre: slx666

***************************** EQUIPOS REGISTRADOS PARA LECTURAS ....

INICIO GUARDADO DE DATOS ... slx01
INSERT A TABLA 'tb_colection', realizado con exito !!!

INICIO GUARDADO DE DATOS ... slx02
INSERT A TABLA 'tb_colection', realizado con exito !!!

INICIO GUARDADO DE DATOS ... slx03
INSERT A TABLA 'tb_colection', realizado con exito !!!

INICIO GUARDADO DE DATOS ... slx666
INSERT A TABLA 'tb_colection', realizado con exito !!!
IP: 192.168.24.13 Nombre: slx01
IP: 192.168.24.12 Nombre: slx02
IP: 192.168.1.175 Nombre: slx03
IP: 666.666.666 Nombre: slx666

***************************** EQUIPOS REGISTRADOS PARA LECTURAS ....

INICIO GUARDADO DE DATOS ... slx01
